<?xml version="1.0" encoding="UTF-8"?>
<testsuite xmlns:xsi="http://www.w3.org/2001/XMLSchema-instance" xsi:noNamespaceSchemaLocation="https://maven.apache.org/surefire/maven-surefire-plugin/xsd/surefire-test-report.xsd" name="com.coding.common_http.m4Test" time="0.061" tests="4" errors="0" skipped="0" failures="0">
  <properties>
[...]
</properties>
  <testcase name="percent" classname="com.coding.common_http.m4Test" time="0.034"/>
  <testcase name="logTest" classname="com.coding.common_http.m4Test" time="0.004"/>
  <testcase name="stringUtilsTest" classname="com.coding.common_http.m4Test" time="0.003"/>
  <testcase name="blankTest" classname="com.coding.common_http.m4Test" time="0"/>
</testsuite>